generate_companies,preset=full,rows=8000,seconds=0.53
generate_applicants,preset=full,rows=200000,seconds=27.46
generate_jobs,preset=full,rows=120000,seconds=22.13
generate_sessions,preset=full,rows=300000,seconds=14.96
simulate_rounds,preset=full,chunk=0,rows=100000,seconds=183.26
simulate_rounds,preset=full,chunk=1,rows=100000,seconds=157.11
simulate_rounds,preset=full,chunk=2,rows=100000,seconds=240.83
simulate_rounds,preset=full,chunk=3,rows=100000,seconds=112.30
simulate_rounds,preset=full,chunk=4,rows=100000,seconds=126.12
simulate_rounds,preset=full,chunk=5,rows=100000,seconds=234.23
simulate_rounds,preset=full,chunk=6,rows=100000,seconds=204.98
simulate_rounds,preset=full,chunk=7,rows=100000,seconds=117.32
simulate_rounds,preset=full,chunk=8,rows=100000,seconds=117.97
simulate_rounds,preset=full,chunk=9,rows=100000,seconds=192.88
simulate_rounds,preset=full,chunk=10,rows=100000,seconds=167.63
simulate_rounds,preset=full,chunk=11,rows=100000,seconds=207.92
simulate_rounds,preset=full,chunk=12,rows=100000,seconds=199.33
simulate_rounds,preset=full,chunk=13,rows=100000,seconds=195.79
simulate_rounds,preset=full,chunk=14,rows=100000,seconds=196.38
merge_and_split,preset=full,rows=1500000,seconds=25.05
